<?xml version="1.0" encoding="UTF-8"?>
<!-- Generated by org.testng.reporters.JUnitXMLReporter -->
<testsuite ignored="0" hostname="LAPTOP-O03F5P6F" failures="0" tests="3" name="Test2" time="0.088" errors="0" timestamp="2024-05-14T15:04:14 IST">
  <testcase classname="Com.Comcast.crm.Genric.CommFilesUtility.BS_Class" name="@BeforeClass launchBrowser" time="-1.715679253958E9">
    <failure type="org.testng.TestNGException" message="
Parameter &amp;apos;Browser&amp;apos; is required by BeforeClass on method launchBrowser but has not been marked @Optional or defined
in C:\Users\akshay  holkar\Desktop\Selenium workspace\RMG\DistributedParallelExecutionTestng.xml">
      <![CDATA[org.testng.TestNGException: 
Parameter 'Browser' is required by BeforeClass on method launchBrowser but has not been marked @Optional or defined
in C:\Users\akshay  holkar\Desktop\Selenium workspace\RMG\DistributedParallelExecutionTestng.xml
at java.base/java.util.ArrayList.forEach(ArrayList.java:1511)
at java.base/java.util.concurrent.FutureTask.run(FutureTask.java:264)
at java.base/java.util.concurrent.ThreadPoolExecutor.runWorker(ThreadPoolExecutor.java:1136)
at java.base/java.util.concurrent.ThreadPoolExecutor$Worker.run(ThreadPoolExecutor.java:635)
at java.base/java.lang.Thread.run(Thread.java:833)
... Removed 13 stack frames]]>
    </failure>
  </testcase> <!-- @BeforeClass launchBrowser -->
  <testcase classname="Com.Comcast.crm.Genric.CommFilesUtility.BS_Class" name="@BeforeMethod loginToApp" time="-1.715679253987E9">
    <skipped/>
  </testcase> <!-- @BeforeMethod loginToApp -->
  <testcase classname="Com.Comcast.crm.Genric.CommFilesUtility.BS_Class" name="@AfterMethod logoutFromApp" time="-1.715679253998E9">
    <skipped/>
  </testcase> <!-- @AfterMethod logoutFromApp -->
  <testcase classname="Com.Comcast.crm.Genric.CommFilesUtility.BS_Class" name="@BeforeMethod loginToApp" time="-1.715679254004E9">
    <skipped/>
  </testcase> <!-- @BeforeMethod loginToApp -->
  <testcase classname="Com.Comcast.crm.Genric.CommFilesUtility.BS_Class" name="@AfterMethod logoutFromApp" time="-1.71567925401E9">
    <skipped/>
  </testcase> <!-- @AfterMethod logoutFromApp -->
  <testcase classname="Com.Comcast.crm.Genric.CommFilesUtility.BS_Class" name="@BeforeMethod loginToApp" time="-1.715679254012E9">
    <skipped/>
  </testcase> <!-- @BeforeMethod loginToApp -->
  <testcase classname="Com.Comcast.crm.Genric.CommFilesUtility.BS_Class" name="@AfterMethod logoutFromApp" time="-1.715679254018E9">
    <skipped/>
  </testcase> <!-- @AfterMethod logoutFromApp -->
  <testcase classname="Com.Comcast.crm.Genric.CommFilesUtility.BS_Class" name="@AfterClass closeBrowser" time="-1.715679254021E9">
    <skipped/>
  </testcase> <!-- @AfterClass closeBrowser -->
  <testcase classname="TestNGTest.CreateOrgTest" name="createOrgNameContactTest" time="0.0">
    <skipped/>
  </testcase> <!-- createOrgNameContactTest -->
  <testcase classname="TestNGTest.CreateOrgTest" name="createOrgNameIndustryTest" time="0.0">
    <skipped/>
  </testcase> <!-- createOrgNameIndustryTest -->
  <testcase classname="TestNGTest.CreateOrgTest" name="createOrgNameTest" time="0.0">
    <skipped/>
  </testcase> <!-- createOrgNameTest -->
</testsuite> <!-- Test2 -->
